Change Component Designator: Old Designator=ADC11 New Designator=ADC1
Change Component Designator: Old Designator=C1 New Designator=C6
Change Component Designator: Old Designator=C2 New Designator=C7
Change Component Designator: Old Designator=C3 New Designator=C8
Change Component Designator: Old Designator=C4 New Designator=C9
Change Component Designator: Old Designator=C5 New Designator=C10
Change Component Designator: Old Designator=C6 New Designator=C11
Change Component Designator: Old Designator=C7 New Designator=C12
Change Component Designator: Old Designator=C8 New Designator=C13
Change Component Designator: Old Designator=C9 New Designator=C14
Change Component Designator: Old Designator=C10 New Designator=C15
Change Component Designator: Old Designator=C11 New Designator=C16
Change Component Designator: Old Designator=C12 New Designator=C17
Change Component Designator: Old Designator=C13 New Designator=C18
Change Component Designator: Old Designator=C14 New Designator=C19
Change Component Designator: Old Designator=C15 New Designator=C20
Change Component Designator: Old Designator=C16 New Designator=C21
Change Component Designator: Old Designator=C17 New Designator=C22
Change Component Designator: Old Designator=C18 New Designator=C23
Change Component Designator: Old Designator=C19 New Designator=C24
Change Component Designator: Old Designator=C20 New Designator=C25
Change Component Designator: Old Designator=C21 New Designator=C26
Change Component Designator: Old Designator=C77 New Designator=C1
Change Component Designator: Old Designator=C78 New Designator=C2
Change Component Designator: Old Designator=C80 New Designator=C4
Change Component Designator: Old Designator=C81 New Designator=C5
Change Component Designator: Old Designator=C82 New Designator=C3
Change Component Designator: Old Designator=R4 New Designator=R13
Change Component Designator: Old Designator=R5 New Designator=R14
Change Component Designator: Old Designator=R7 New Designator=R16
Change Component Designator: Old Designator=R9 New Designator=R19
Change Component Designator: Old Designator=R10 New Designator=R20
Change Component Designator: Old Designator=R11 New Designator=R21
Change Component Designator: Old Designator=R12 New Designator=R22
Change Component Designator: Old Designator=R13 New Designator=R23
Change Component Designator: Old Designator=R14 New Designator=R24
Change Component Designator: Old Designator=R15 New Designator=R25
Change Component Designator: Old Designator=R16 New Designator=R26
Change Component Designator: Old Designator=R17 New Designator=R27
Change Component Designator: Old Designator=R18 New Designator=R28
Change Component Designator: Old Designator=R20 New Designator=R30
Change Component Designator: Old Designator=R21 New Designator=R31
Change Component Designator: Old Designator=R22 New Designator=R32
Change Component Designator: Old Designator=R23 New Designator=R33
Change Component Designator: Old Designator=R24 New Designator=R34
Change Component Designator: Old Designator=R38 New Designator=R1
Change Component Designator: Old Designator=R39 New Designator=R3
Change Component Designator: Old Designator=R40 New Designator=R4
Change Component Designator: Old Designator=R41 New Designator=R5
Change Component Designator: Old Designator=R42 New Designator=R6
Change Component Designator: Old Designator=R43 New Designator=R7
Change Component Designator: Old Designator=R44 New Designator=R2
Change Component Designator: Old Designator=R46 New Designator=R8
Change Component Designator: Old Designator=R47 New Designator=R9
Change Component Designator: Old Designator=R? New Designator=R10
Change Component Designator: Old Designator=R? New Designator=R11
Change Component Designator: Old Designator=R? New Designator=R12
Change Component Designator: Old Designator=R? New Designator=R15
Change Component Designator: Old Designator=R? New Designator=R17
Change Component Designator: Old Designator=R? New Designator=R18
Change Component Designator: Old Designator=R? New Designator=R29
Change Component Designator: Old Designator=Singal New Designator=Singal1
Change Component Designator: Old Designator=U1 New Designator=U3
Change Component Designator: Old Designator=U2 New Designator=U4
Change Component Designator: Old Designator=U3 New Designator=U5
Change Component Designator: Old Designator=U4 New Designator=U6
Change Component Part ID : Designator=U6 Old Part ID =1 New Part ID =2
Change Component Designator: Old Designator=U4 New Designator=U6
Change Component Part ID : Designator=U6 Old Part ID =2 New Part ID =1
Change Component Designator: Old Designator=U8 New Designator=U1
Change Component Designator: Old Designator=U8 New Designator=U1
Change Component Part ID : Designator=U1 Old Part ID =1 New Part ID =2
Change Component Designator: Old Designator=U9 New Designator=U2
Change Component Designator: Old Designator=VINA New Designator=VINA1
Change Component Designator: Old Designator=VINB New Designator=VINB1
Change Component Designator: Old Designator=VoutA New Designator=VoutA1
Change Component Designator: Old Designator=VREF New Designator=VREF1
