Replace Part ADC11 TP in C:\Users\Administrator\Desktop\X-Cube-AI\PowerMonitorBoard\ACQ.SchDoc with TP from LWDNMR EVENT CONTROLER.SCHLIB
Replace Part C1 Cap in C:\Users\Administrator\Desktop\X-Cube-AI\PowerMonitorBoard\ACQ.SchDoc with Cap from Miscellaneous Devices.IntLib
Replace Part C2 Cap in C:\Users\Administrator\Desktop\X-Cube-AI\PowerMonitorBoard\ACQ.SchDoc with Cap from Miscellaneous Devices.IntLib
Replace Part C3 Cap Pol1 in C:\Users\Administrator\Desktop\X-Cube-AI\PowerMonitorBoard\ACQ.SchDoc with Cap Pol1 from Miscellaneous Devices.IntLib
Replace Part C4 Cap in C:\Users\Administrator\Desktop\X-Cube-AI\PowerMonitorBoard\ACQ.SchDoc with Cap from Miscellaneous Devices.IntLib
Replace Part C5 Cap in C:\Users\Administrator\Desktop\X-Cube-AI\PowerMonitorBoard\ACQ.SchDoc with Cap from Miscellaneous Devices.IntLib
Replace Part C6 Cap in C:\Users\Administrator\Desktop\X-Cube-AI\PowerMonitorBoard\ACQ.SchDoc with Cap from Miscellaneous Devices.IntLib
Replace Part C7 Cap in C:\Users\Administrator\Desktop\X-Cube-AI\PowerMonitorBoard\ACQ.SchDoc with Cap from Miscellaneous Devices.IntLib
Replace Part C8 Cap in C:\Users\Administrator\Desktop\X-Cube-AI\PowerMonitorBoard\ACQ.SchDoc with Cap from Miscellaneous Devices.IntLib
Replace Part C10 Cap in C:\Users\Administrator\Desktop\X-Cube-AI\PowerMonitorBoard\ACQ.SchDoc with Cap from Miscellaneous Devices.IntLib
Replace Part C11 Cap in C:\Users\Administrator\Desktop\X-Cube-AI\PowerMonitorBoard\ACQ.SchDoc with Cap from Miscellaneous Devices.IntLib
Replace Part C13 Cap in C:\Users\Administrator\Desktop\X-Cube-AI\PowerMonitorBoard\ACQ.SchDoc with Cap from Miscellaneous Devices.IntLib
Replace Part C14 Cap in C:\Users\Administrator\Desktop\X-Cube-AI\PowerMonitorBoard\ACQ.SchDoc with Cap from STM32.SchLib
Replace Part C15 Cap Pol in C:\Users\Administrator\Desktop\X-Cube-AI\PowerMonitorBoard\ACQ.SchDoc with Cap Pol from STM32.SchLib
Replace Part C16 Cap in C:\Users\Administrator\Desktop\X-Cube-AI\PowerMonitorBoard\ACQ.SchDoc with Cap from STM32.SchLib
Replace Part C17 Cap in C:\Users\Administrator\Desktop\X-Cube-AI\PowerMonitorBoard\ACQ.SchDoc with Cap from STM32.SchLib
Replace Part C19 Cap in C:\Users\Administrator\Desktop\X-Cube-AI\PowerMonitorBoard\ACQ.SchDoc with Cap from STM32.SchLib
Replace Part C20 Cap in C:\Users\Administrator\Desktop\X-Cube-AI\PowerMonitorBoard\ACQ.SchDoc with Cap from STM32.SchLib
Replace Part C21 Cap in C:\Users\Administrator\Desktop\X-Cube-AI\PowerMonitorBoard\ACQ.SchDoc with Cap from STM32.SchLib
Replace Part C77 Cap in C:\Users\Administrator\Desktop\X-Cube-AI\PowerMonitorBoard\ACQ.SchDoc with Cap from STM32.SchLib
Replace Part C78 Cap in C:\Users\Administrator\Desktop\X-Cube-AI\PowerMonitorBoard\ACQ.SchDoc with Cap from STM32.SchLib
Replace Part C80 Cap in C:\Users\Administrator\Desktop\X-Cube-AI\PowerMonitorBoard\ACQ.SchDoc with Cap from STM32.SchLib
Replace Part C81 Cap in C:\Users\Administrator\Desktop\X-Cube-AI\PowerMonitorBoard\ACQ.SchDoc with Cap from STM32.SchLib
Replace Part C82 Cap in C:\Users\Administrator\Desktop\X-Cube-AI\PowerMonitorBoard\ACQ.SchDoc with Cap from STM32.SchLib
Replace Part C? Cap in C:\Users\Administrator\Desktop\X-Cube-AI\PowerMonitorBoard\ACQ.SchDoc with Cap from STM32.SchLib
Replace Part C? Cap in C:\Users\Administrator\Desktop\X-Cube-AI\PowerMonitorBoard\ACQ.SchDoc with Cap from STM32.SchLib
Replace Part C? Cap in C:\Users\Administrator\Desktop\X-Cube-AI\PowerMonitorBoard\ACQ.SchDoc with Cap from STM32.SchLib
Replace Part D1 BAV99LT1 in C:\Users\Administrator\Desktop\X-Cube-AI\PowerMonitorBoard\ACQ.SchDoc with BAV99LT1 from LWDNMR EVENT CONTROLER.SCHLIB
Replace Part D2 BAV99LT1 in C:\Users\Administrator\Desktop\X-Cube-AI\PowerMonitorBoard\ACQ.SchDoc with BAV99LT1 from LWDNMR EVENT CONTROLER.SCHLIB
Replace Part L1 Inductor in C:\Users\Administrator\Desktop\X-Cube-AI\PowerMonitorBoard\ACQ.SchDoc with Inductor from Miscellaneous Devices.IntLib
Replace Part R1 Res1 in C:\Users\Administrator\Desktop\X-Cube-AI\PowerMonitorBoard\ACQ.SchDoc with Res1 from Miscellaneous Devices.IntLib
Replace Part R2 Res1 in C:\Users\Administrator\Desktop\X-Cube-AI\PowerMonitorBoard\ACQ.SchDoc with Res1 from Miscellaneous Devices.IntLib
Replace Part R3 Res1 in C:\Users\Administrator\Desktop\X-Cube-AI\PowerMonitorBoard\ACQ.SchDoc with Res1 from Miscellaneous Devices.IntLib
Replace Part R4 Res1 in C:\Users\Administrator\Desktop\X-Cube-AI\PowerMonitorBoard\ACQ.SchDoc with Res1 from Miscellaneous Devices.IntLib
Replace Part R5 Res1 in C:\Users\Administrator\Desktop\X-Cube-AI\PowerMonitorBoard\ACQ.SchDoc with Res1 from Miscellaneous Devices.IntLib
Replace Part R6 Res1 in C:\Users\Administrator\Desktop\X-Cube-AI\PowerMonitorBoard\ACQ.SchDoc with Res1 from Miscellaneous Devices.IntLib
Replace Part R7 Res1 in C:\Users\Administrator\Desktop\X-Cube-AI\PowerMonitorBoard\ACQ.SchDoc with Res1 from Miscellaneous Devices.IntLib
Replace Part R8 Res1 in C:\Users\Administrator\Desktop\X-Cube-AI\PowerMonitorBoard\ACQ.SchDoc with Res1 from Miscellaneous Devices.IntLib
Replace Part R9 Res1 in C:\Users\Administrator\Desktop\X-Cube-AI\PowerMonitorBoard\ACQ.SchDoc with Res1 from Miscellaneous Devices.IntLib
Replace Part R10 Res1 in C:\Users\Administrator\Desktop\X-Cube-AI\PowerMonitorBoard\ACQ.SchDoc with Res1 from Miscellaneous Devices.IntLib
Replace Part R11 Res1 in C:\Users\Administrator\Desktop\X-Cube-AI\PowerMonitorBoard\ACQ.SchDoc with Res1 from Miscellaneous Devices.IntLib
Replace Part R12 Res1 in C:\Users\Administrator\Desktop\X-Cube-AI\PowerMonitorBoard\ACQ.SchDoc with Res1 from Miscellaneous Devices.IntLib
Replace Part R13 Res1 in C:\Users\Administrator\Desktop\X-Cube-AI\PowerMonitorBoard\ACQ.SchDoc with Res1 from Miscellaneous Devices.IntLib
Replace Part R14 Res1 in C:\Users\Administrator\Desktop\X-Cube-AI\PowerMonitorBoard\ACQ.SchDoc with Res1 from Miscellaneous Devices.IntLib
Replace Part R15 Res1 in C:\Users\Administrator\Desktop\X-Cube-AI\PowerMonitorBoard\ACQ.SchDoc with Res1 from Miscellaneous Devices.IntLib
Replace Part R16 Res1 in C:\Users\Administrator\Desktop\X-Cube-AI\PowerMonitorBoard\ACQ.SchDoc with Res1 from Miscellaneous Devices.IntLib
Replace Part R17 Res1 in C:\Users\Administrator\Desktop\X-Cube-AI\PowerMonitorBoard\ACQ.SchDoc with Res1 from Miscellaneous Devices.IntLib
Replace Part R18 Res1 in C:\Users\Administrator\Desktop\X-Cube-AI\PowerMonitorBoard\ACQ.SchDoc with Res1 from Miscellaneous Devices.IntLib
Replace Part R19 Res1 in C:\Users\Administrator\Desktop\X-Cube-AI\PowerMonitorBoard\ACQ.SchDoc with Res1 from Miscellaneous Devices.IntLib
Replace Part R20 Res1 in C:\Users\Administrator\Desktop\X-Cube-AI\PowerMonitorBoard\ACQ.SchDoc with Res1 from Miscellaneous Devices.IntLib
Replace Part R21 Res1 in C:\Users\Administrator\Desktop\X-Cube-AI\PowerMonitorBoard\ACQ.SchDoc with Res1 from Miscellaneous Devices.IntLib
Replace Part R22 Res1 in C:\Users\Administrator\Desktop\X-Cube-AI\PowerMonitorBoard\ACQ.SchDoc with Res1 from Miscellaneous Devices.IntLib
Replace Part R23 Res1 in C:\Users\Administrator\Desktop\X-Cube-AI\PowerMonitorBoard\ACQ.SchDoc with Res1 from STM32.SchLib
Replace Part R24 Res1 in C:\Users\Administrator\Desktop\X-Cube-AI\PowerMonitorBoard\ACQ.SchDoc with Res1 from STM32.SchLib
Replace Part R38 Res1 in C:\Users\Administrator\Desktop\X-Cube-AI\PowerMonitorBoard\ACQ.SchDoc with Res1 from STM32.SchLib
Replace Part R39 Res1 in C:\Users\Administrator\Desktop\X-Cube-AI\PowerMonitorBoard\ACQ.SchDoc with Res1 from STM32.SchLib
Replace Part R40 Res1 in C:\Users\Administrator\Desktop\X-Cube-AI\PowerMonitorBoard\ACQ.SchDoc with Res1 from STM32.SchLib
Replace Part R41 Res1 in C:\Users\Administrator\Desktop\X-Cube-AI\PowerMonitorBoard\ACQ.SchDoc with Res1 from STM32.SchLib
Replace Part R42 Res1 in C:\Users\Administrator\Desktop\X-Cube-AI\PowerMonitorBoard\ACQ.SchDoc with Res1 from STM32.SchLib
Replace Part R43 Res1 in C:\Users\Administrator\Desktop\X-Cube-AI\PowerMonitorBoard\ACQ.SchDoc with Res1 from STM32.SchLib
Replace Part R44 Res1 in C:\Users\Administrator\Desktop\X-Cube-AI\PowerMonitorBoard\ACQ.SchDoc with Res1 from STM32.SchLib
Replace Part R45 Res1 in C:\Users\Administrator\Desktop\X-Cube-AI\PowerMonitorBoard\ACQ.SchDoc with Res1 from Miscellaneous Devices.IntLib
Replace Part R46 Res1 in C:\Users\Administrator\Desktop\X-Cube-AI\PowerMonitorBoard\ACQ.SchDoc with Res1 from STM32.SchLib
Replace Part R47 Res1 in C:\Users\Administrator\Desktop\X-Cube-AI\PowerMonitorBoard\ACQ.SchDoc with Res1 from STM32.SchLib
Replace Part Singal TP in C:\Users\Administrator\Desktop\X-Cube-AI\PowerMonitorBoard\ACQ.SchDoc with TP from STM32.SchLib
Replace Part Singal2 TP in C:\Users\Administrator\Desktop\X-Cube-AI\PowerMonitorBoard\ACQ.SchDoc with TP from STM32.SchLib
Replace Part U3 REF5025SHKJ in C:\Users\Administrator\Desktop\X-Cube-AI\PowerMonitorBoard\ACQ.SchDoc with REF5025SHKJ from STM32.SchLib
Replace Part U4 AD827 in C:\Users\Administrator\Desktop\X-Cube-AI\PowerMonitorBoard\ACQ.SchDoc with AD827 from STM32.SchLib
Replace Part U4 AD827 in C:\Users\Administrator\Desktop\X-Cube-AI\PowerMonitorBoard\ACQ.SchDoc with AD827 from STM32.SchLib
Replace Part U8 AD827 in C:\Users\Administrator\Desktop\X-Cube-AI\PowerMonitorBoard\ACQ.SchDoc with AD827 from STM32.SchLib
Replace Part U8 AD827 in C:\Users\Administrator\Desktop\X-Cube-AI\PowerMonitorBoard\ACQ.SchDoc with AD827 from STM32.SchLib
Replace Part U9 LT1568 in C:\Users\Administrator\Desktop\X-Cube-AI\PowerMonitorBoard\ACQ.SchDoc with LT1568 from STM32.SchLib
Replace Part VINA TP in C:\Users\Administrator\Desktop\X-Cube-AI\PowerMonitorBoard\ACQ.SchDoc with TP from LWDNMR EVENT CONTROLER.SCHLIB
Replace Part VINB TP in C:\Users\Administrator\Desktop\X-Cube-AI\PowerMonitorBoard\ACQ.SchDoc with TP from LWDNMR EVENT CONTROLER.SCHLIB
Replace Part VoutA TP in C:\Users\Administrator\Desktop\X-Cube-AI\PowerMonitorBoard\ACQ.SchDoc with TP from STM32.SchLib
Replace Part VREF TP in C:\Users\Administrator\Desktop\X-Cube-AI\PowerMonitorBoard\ACQ.SchDoc with TP from STM32.SchLib
