Replace Part C22 Cap in C:\Users\Administrator\Desktop\X-Cube-AI\PowerMonitorBoard\FPGA.SchDoc with Cap from STM32.SchLib
Replace Part C23 Cap in C:\Users\Administrator\Desktop\X-Cube-AI\PowerMonitorBoard\FPGA.SchDoc with Cap from STM32.SchLib
Replace Part C24 Cap in C:\Users\Administrator\Desktop\X-Cube-AI\PowerMonitorBoard\FPGA.SchDoc with Cap from STM32.SchLib
Replace Part C25 Cap in C:\Users\Administrator\Desktop\X-Cube-AI\PowerMonitorBoard\FPGA.SchDoc with Cap from STM32.SchLib
Replace Part C26 Cap in C:\Users\Administrator\Desktop\X-Cube-AI\PowerMonitorBoard\FPGA.SchDoc with Cap from STM32.SchLib
Replace Part C27 Cap in C:\Users\Administrator\Desktop\X-Cube-AI\PowerMonitorBoard\FPGA.SchDoc with Cap from STM32.SchLib
Replace Part C28 Cap in C:\Users\Administrator\Desktop\X-Cube-AI\PowerMonitorBoard\FPGA.SchDoc with Cap from STM32.SchLib
Replace Part C29 Cap in C:\Users\Administrator\Desktop\X-Cube-AI\PowerMonitorBoard\FPGA.SchDoc with Cap from STM32.SchLib
Replace Part C30 Cap in C:\Users\Administrator\Desktop\X-Cube-AI\PowerMonitorBoard\FPGA.SchDoc with Cap from STM32.SchLib
Replace Part C31 Cap in C:\Users\Administrator\Desktop\X-Cube-AI\PowerMonitorBoard\FPGA.SchDoc with Cap from STM32.SchLib
Replace Part C32 Cap in C:\Users\Administrator\Desktop\X-Cube-AI\PowerMonitorBoard\FPGA.SchDoc with Cap from STM32.SchLib
Replace Part C33 Cap in C:\Users\Administrator\Desktop\X-Cube-AI\PowerMonitorBoard\FPGA.SchDoc with Cap from STM32.SchLib
Replace Part C34 Cap in C:\Users\Administrator\Desktop\X-Cube-AI\PowerMonitorBoard\FPGA.SchDoc with Cap from STM32.SchLib
Replace Part C35 Cap in C:\Users\Administrator\Desktop\X-Cube-AI\PowerMonitorBoard\FPGA.SchDoc with Cap from STM32.SchLib
Replace Part C36 Cap in C:\Users\Administrator\Desktop\X-Cube-AI\PowerMonitorBoard\FPGA.SchDoc with Cap from STM32.SchLib
Replace Part C37 Cap in C:\Users\Administrator\Desktop\X-Cube-AI\PowerMonitorBoard\FPGA.SchDoc with Cap from STM32.SchLib
Replace Part C38 Cap in C:\Users\Administrator\Desktop\X-Cube-AI\PowerMonitorBoard\FPGA.SchDoc with Cap from STM32.SchLib
Replace Part C39 Cap in C:\Users\Administrator\Desktop\X-Cube-AI\PowerMonitorBoard\FPGA.SchDoc with Cap from STM32.SchLib
Replace Part C40 Cap in C:\Users\Administrator\Desktop\X-Cube-AI\PowerMonitorBoard\FPGA.SchDoc with Cap from STM32.SchLib
Replace Part C41 Cap in C:\Users\Administrator\Desktop\X-Cube-AI\PowerMonitorBoard\FPGA.SchDoc with Cap from STM32.SchLib
Replace Part C42 Cap in C:\Users\Administrator\Desktop\X-Cube-AI\PowerMonitorBoard\FPGA.SchDoc with Cap from STM32.SchLib
Replace Part C43 Cap in C:\Users\Administrator\Desktop\X-Cube-AI\PowerMonitorBoard\FPGA.SchDoc with Cap from STM32.SchLib
Replace Part C44 Cap in C:\Users\Administrator\Desktop\X-Cube-AI\PowerMonitorBoard\FPGA.SchDoc with Cap from STM32.SchLib
Replace Part C45 Cap in C:\Users\Administrator\Desktop\X-Cube-AI\PowerMonitorBoard\FPGA.SchDoc with Cap from STM32.SchLib
Replace Part J2 ALTERA_JTAG in C:\Users\Administrator\Desktop\X-Cube-AI\PowerMonitorBoard\FPGA.SchDoc with ALTERA_JTAG from STM32.SchLib
Replace Part R25 Res1 in C:\Users\Administrator\Desktop\X-Cube-AI\PowerMonitorBoard\FPGA.SchDoc with Res1 from STM32.SchLib
Replace Part R26 Res1 in C:\Users\Administrator\Desktop\X-Cube-AI\PowerMonitorBoard\FPGA.SchDoc with Res1 from STM32.SchLib
Replace Part R27 Res1 in C:\Users\Administrator\Desktop\X-Cube-AI\PowerMonitorBoard\FPGA.SchDoc with Res1 from STM32.SchLib
Replace Part R28 Res1 in C:\Users\Administrator\Desktop\X-Cube-AI\PowerMonitorBoard\FPGA.SchDoc with Res1 from STM32.SchLib
Replace Part R29 Res1 in C:\Users\Administrator\Desktop\X-Cube-AI\PowerMonitorBoard\FPGA.SchDoc with Res1 from STM32.SchLib
Replace Part R30 Res1 in C:\Users\Administrator\Desktop\X-Cube-AI\PowerMonitorBoard\FPGA.SchDoc with Res1 from STM32.SchLib
Replace Part U5 MAX10M50SC_144 in C:\Users\Administrator\Desktop\X-Cube-AI\PowerMonitorBoard\FPGA.SchDoc with MAX10M50SC_144 from STM32.SchLib
Replace Part U5 MAX10M50SC_144 in C:\Users\Administrator\Desktop\X-Cube-AI\PowerMonitorBoard\FPGA.SchDoc with MAX10M50SC_144 from STM32.SchLib
Replace Part U5 MAX10M50SC_144 in C:\Users\Administrator\Desktop\X-Cube-AI\PowerMonitorBoard\FPGA.SchDoc with MAX10M50SC_144 from STM32.SchLib
Replace Part U5 MAX10M50SC_144 in C:\Users\Administrator\Desktop\X-Cube-AI\PowerMonitorBoard\FPGA.SchDoc with MAX10M50SC_144 from STM32.SchLib
Replace Part U5 MAX10M50SC_144 in C:\Users\Administrator\Desktop\X-Cube-AI\PowerMonitorBoard\FPGA.SchDoc with MAX10M50SC_144 from STM32.SchLib
Replace Part U5 MAX10M50SC_144 in C:\Users\Administrator\Desktop\X-Cube-AI\PowerMonitorBoard\FPGA.SchDoc with MAX10M50SC_144 from STM32.SchLib
Replace Part U5 MAX10M50SC_144 in C:\Users\Administrator\Desktop\X-Cube-AI\PowerMonitorBoard\FPGA.SchDoc with MAX10M50SC_144 from STM32.SchLib
Replace Part U5 MAX10M50SC_144 in C:\Users\Administrator\Desktop\X-Cube-AI\PowerMonitorBoard\FPGA.SchDoc with MAX10M50SC_144 from STM32.SchLib
Replace Part U5 MAX10M50SC_144 in C:\Users\Administrator\Desktop\X-Cube-AI\PowerMonitorBoard\FPGA.SchDoc with MAX10M50SC_144 from STM32.SchLib
Replace Part U5 MAX10M50SC_144 in C:\Users\Administrator\Desktop\X-Cube-AI\PowerMonitorBoard\FPGA.SchDoc with MAX10M50SC_144 from STM32.SchLib
Replace Part U5 MAX10M50SC_144 in C:\Users\Administrator\Desktop\X-Cube-AI\PowerMonitorBoard\FPGA.SchDoc with MAX10M50SC_144 from STM32.SchLib
Replace Part XS1 CRYSTAL_4 in C:\Users\Administrator\Desktop\X-Cube-AI\PowerMonitorBoard\FPGA.SchDoc with CRYSTAL_4 from STM32.SchLib
