Removed Pin From Net: NetName=PC4_REV Pin=U10-6
Removed Pin From Net: NetName=PC5_REV Pin=U10-7
Removed Pin From Net: NetName=SPI1_SCK Pin=U10-10
Removed Pin From Net: NetName=SPI1_NSS Pin=U10-11
Removed Pin From Net: NetName=SPI1_MISO Pin=U10-12
Removed Pin From Net: NetName=SPI1_MOSI Pin=U10-13
Removed Pin From Net: NetName=NRST Pin=U10-29
Removed Pin From Net: NetName=D3 Pin=U10-41
Removed Pin From Net: NetName=D4 Pin=U10-42
Removed Pin From Net: NetName=D5 Pin=U10-43
Removed Pin From Net: NetName=D6 Pin=U10-46
Removed Pin From Net: NetName=D7 Pin=U10-49
Removed Pin From Net: NetName=D8 Pin=U10-50
Removed Pin From Net: NetName=D9 Pin=U10-51
Removed Pin From Net: NetName=D10 Pin=U10-52
Removed Pin From Net: NetName=D11 Pin=U10-53
Removed Pin From Net: NetName=D12 Pin=U10-55
Removed Pin From Net: NetName=D13 Pin=U10-57
Removed Pin From Net: NetName=D14 Pin=U10-58
Removed Pin From Net: NetName=D15 Pin=U10-60
Removed Pin From Net: NetName=NE1 Pin=U10-61
Removed Pin From Net: NetName=NOE Pin=U10-62
Removed Pin From Net: NetName=NWE Pin=U10-63
Removed Pin From Net: NetName=NetIC1_73 Pin=U10-64
Removed Pin From Net: NetName=CLK_IN Pin=U10-70
Removed Pin From Net: NetName=A3 Pin=U10-77
Removed Pin From Net: NetName=A4 Pin=U10-80
Removed Pin From Net: NetName=A5 Pin=U10-82
Removed Pin From Net: NetName=A6 Pin=U10-83
Removed Pin From Net: NetName=A7 Pin=U10-84
Removed Pin From Net: NetName=A8 Pin=U10-85
Removed Pin From Net: NetName=A9 Pin=U10-86
Removed Pin From Net: NetName=A10 Pin=U10-87
Removed Pin From Net: NetName=A11 Pin=U10-88
Removed Pin From Net: NetName=A12 Pin=U10-89
Removed Pin From Net: NetName=A13 Pin=U10-90
Removed Pin From Net: NetName=A14 Pin=U10-91
Removed Pin From Net: NetName=A15 Pin=U10-92
Removed Pin From Net: NetName=A16 Pin=U10-93
Removed Pin From Net: NetName=A17 Pin=U10-96
Removed Pin From Net: NetName=A18 Pin=U10-98
Removed Pin From Net: NetName=A19 Pin=U10-99
Removed Pin From Net: NetName=A20 Pin=U10-100
Removed Pin From Net: NetName=A21 Pin=U10-101
Removed Pin From Net: NetName=A22 Pin=U10-102
Removed Pin From Net: NetName=A23 Pin=U10-105
Removed Pin From Net: NetName=A24 Pin=U10-106
Removed Pin From Net: NetName=NetR50_1 Pin=U10-117
Removed Pin From Net: NetName=NetR51_1 Pin=U10-120
Removed Pin From Net: NetName=NetR16_1 Pin=U10-123
Removed Pin From Net: NetName=NetR17_1 Pin=U10-124
Removed Pin From Net: NetName=NetR19_1 Pin=U10-125
Removed Pin From Net: NetName=NetR22_1 Pin=U10-126
Removed Pin From Net: NetName=NetR24_1 Pin=U10-127
Removed Pin From Net: NetName=NetR23_1 Pin=U10-128
Removed Pin From Net: NetName=NetR25_1 Pin=U10-129
Removed Pin From Net: NetName=NetR26_1 Pin=U10-131
Removed Pin From Net: NetName=NetR27_1 Pin=U10-132
Removed Pin From Net: NetName=NetR28_1 Pin=U10-133
Removed Pin From Net: NetName=NetR29_1 Pin=U10-134
Removed Pin From Net: NetName=NetADC11_1 Pin=U10-135
Removed Pin From Net: NetName=NetR31_1 Pin=U10-136
Added Component: Designator=R53(0805R)
Added Pin To Net: NetName=3V3 Pin=R53-2
Added Pin To Net: NetName=NetR31_1 Pin=U10-6
Added Pin To Net: NetName=NetR16_1 Pin=U10-7
Added Pin To Net: NetName=NetR17_1 Pin=U10-8
Added Pin To Net: NetName=NetR19_1 Pin=U10-10
Added Pin To Net: NetName=NetR22_1 Pin=U10-11
Added Pin To Net: NetName=NetR23_1 Pin=U10-12
Added Pin To Net: NetName=NetR24_1 Pin=U10-14
Added Pin To Net: NetName=NetR25_1 Pin=U10-21
Added Pin To Net: NetName=NetR26_1 Pin=U10-22
Added Pin To Net: NetName=NetR27_1 Pin=U10-23
Added Pin To Net: NetName=NetR28_1 Pin=U10-25
Added Pin To Net: NetName=NetR29_1 Pin=U10-26
Added Pin To Net: NetName=NetADC11_1 Pin=U10-27
Added Pin To Net: NetName=NRST Pin=U10-30
Added Pin To Net: NetName=D3 Pin=U10-42
Added Pin To Net: NetName=D4 Pin=U10-43
Added Pin To Net: NetName=D5 Pin=U10-46
Added Pin To Net: NetName=D6 Pin=U10-49
Added Pin To Net: NetName=D7 Pin=U10-50
Added Pin To Net: NetName=D8 Pin=U10-51
Added Pin To Net: NetName=D9 Pin=U10-53
Added Pin To Net: NetName=D10 Pin=U10-55
Added Pin To Net: NetName=D11 Pin=U10-58
Added Pin To Net: NetName=D12 Pin=U10-60
Added Pin To Net: NetName=D13 Pin=U10-61
Added Pin To Net: NetName=D14 Pin=U10-62
Added Pin To Net: NetName=CLK_IN Pin=U10-63
Added Pin To Net: NetName=D15 Pin=U10-64
Added Pin To Net: NetName=NetIC1_73 Pin=U10-65
Added Pin To Net: NetName=NE1 Pin=U10-66
Added Pin To Net: NetName=NOE Pin=U10-69
Added Pin To Net: NetName=NWE Pin=U10-70
Added Pin To Net: NetName=A3 Pin=U10-80
Added Pin To Net: NetName=A4 Pin=U10-82
Added Pin To Net: NetName=A5 Pin=U10-83
Added Pin To Net: NetName=A6 Pin=U10-84
Added Pin To Net: NetName=A7 Pin=U10-86
Added Pin To Net: NetName=A8 Pin=U10-87
Added Pin To Net: NetName=A9 Pin=U10-88
Added Pin To Net: NetName=A10 Pin=U10-90
Added Pin To Net: NetName=A11 Pin=U10-91
Added Pin To Net: NetName=A12 Pin=U10-92
Added Pin To Net: NetName=A13 Pin=U10-96
Added Pin To Net: NetName=A14 Pin=U10-98
Added Pin To Net: NetName=A15 Pin=U10-99
Added Pin To Net: NetName=A16 Pin=U10-100
Added Pin To Net: NetName=A17 Pin=U10-102
Added Pin To Net: NetName=A18 Pin=U10-105
Added Pin To Net: NetName=A19 Pin=U10-106
Added Pin To Net: NetName=A20 Pin=U10-110
Added Pin To Net: NetName=A21 Pin=U10-111
Added Pin To Net: NetName=A22 Pin=U10-117
Added Pin To Net: NetName=A23 Pin=U10-118
Added Pin To Net: NetName=A24 Pin=U10-119
Added Pin To Net: NetName=PC4_REV Pin=U10-123
Added Pin To Net: NetName=PC5_REV Pin=U10-124
Added Pin To Net: NetName=NetR50_1 Pin=U10-128
Added Pin To Net: NetName=SPI1_SCK Pin=U10-129
Added Pin To Net: NetName=SPI1_NSS Pin=U10-131
Added Pin To Net: NetName=SPI1_MISO Pin=U10-132
Added Pin To Net: NetName=SPI1_MOSI Pin=U10-133
Added Pin To Net: NetName=NetR51_1 Pin=U10-136
Added Pin To Net: NetName=NetR53_1 Pin=R53-1
Added Pin To Net: NetName=NetR53_1 Pin=U10-130
Added Net: Name=NetR53_1
Added Member To Class: ClassName=PMB_FPGA Member=Component R53 10K
