Replace Part 485_A TP in C:\Users\Administrator\Desktop\X-Cube-AI\PowerMonitorBoard\STM32.SchDoc with TP from STM32.SchLib
Replace Part 485_B TP in C:\Users\Administrator\Desktop\X-Cube-AI\PowerMonitorBoard\STM32.SchDoc with TP from STM32.SchLib
Replace Part C46 Cap in C:\Users\Administrator\Desktop\X-Cube-AI\PowerMonitorBoard\STM32.SchDoc with Cap from LWDNMR EVENT CONTROLER.SCHLIB
Replace Part C47 Cap in C:\Users\Administrator\Desktop\X-Cube-AI\PowerMonitorBoard\STM32.SchDoc with Cap from LWDNMR EVENT CONTROLER.SCHLIB
Replace Part C48 Cap in C:\Users\Administrator\Desktop\X-Cube-AI\PowerMonitorBoard\STM32.SchDoc with Cap from LWDNMR EVENT CONTROLER.SCHLIB
Replace Part C49 Cap in C:\Users\Administrator\Desktop\X-Cube-AI\PowerMonitorBoard\STM32.SchDoc with Cap from LWDNMR EVENT CONTROLER.SCHLIB
Replace Part C50 Cap in C:\Users\Administrator\Desktop\X-Cube-AI\PowerMonitorBoard\STM32.SchDoc with Cap from LWDNMR EVENT CONTROLER.SCHLIB
Replace Part C51 Cap in C:\Users\Administrator\Desktop\X-Cube-AI\PowerMonitorBoard\STM32.SchDoc with Cap from LWDNMR EVENT CONTROLER.SCHLIB
Replace Part C52 Cap in C:\Users\Administrator\Desktop\X-Cube-AI\PowerMonitorBoard\STM32.SchDoc with Cap from LWDNMR EVENT CONTROLER.SCHLIB
Replace Part C53 Cap in C:\Users\Administrator\Desktop\X-Cube-AI\PowerMonitorBoard\STM32.SchDoc with Cap from STM32.SchLib
Replace Part C54 Cap in C:\Users\Administrator\Desktop\X-Cube-AI\PowerMonitorBoard\STM32.SchDoc with Cap from LWDNMR EVENT CONTROLER.SCHLIB
Replace Part C55 Cap in C:\Users\Administrator\Desktop\X-Cube-AI\PowerMonitorBoard\STM32.SchDoc with Cap from STM32.SchLib
Replace Part C56 Cap in C:\Users\Administrator\Desktop\X-Cube-AI\PowerMonitorBoard\STM32.SchDoc with Cap from LWDNMR EVENT CONTROLER.SCHLIB
Replace Part C57 Cap in C:\Users\Administrator\Desktop\X-Cube-AI\PowerMonitorBoard\STM32.SchDoc with Cap from LWDNMR EVENT CONTROLER.SCHLIB
Replace Part C58 Cap in C:\Users\Administrator\Desktop\X-Cube-AI\PowerMonitorBoard\STM32.SchDoc with Cap from LWDNMR EVENT CONTROLER.SCHLIB
Replace Part C59 Cap in C:\Users\Administrator\Desktop\X-Cube-AI\PowerMonitorBoard\STM32.SchDoc with Cap from LWDNMR EVENT CONTROLER.SCHLIB
Replace Part C60 Cap in C:\Users\Administrator\Desktop\X-Cube-AI\PowerMonitorBoard\STM32.SchDoc with Cap from LWDNMR EVENT CONTROLER.SCHLIB
Replace Part C61 Cap in C:\Users\Administrator\Desktop\X-Cube-AI\PowerMonitorBoard\STM32.SchDoc with Cap from LWDNMR EVENT CONTROLER.SCHLIB
Replace Part C62 Cap in C:\Users\Administrator\Desktop\X-Cube-AI\PowerMonitorBoard\STM32.SchDoc with Cap from LWDNMR EVENT CONTROLER.SCHLIB
Replace Part C63 Cap in C:\Users\Administrator\Desktop\X-Cube-AI\PowerMonitorBoard\STM32.SchDoc with Cap from LWDNMR EVENT CONTROLER.SCHLIB
Replace Part C64 Cap in C:\Users\Administrator\Desktop\X-Cube-AI\PowerMonitorBoard\STM32.SchDoc with Cap from LWDNMR EVENT CONTROLER.SCHLIB
Replace Part C65 Cap in C:\Users\Administrator\Desktop\X-Cube-AI\PowerMonitorBoard\STM32.SchDoc with Cap from LWDNMR EVENT CONTROLER.SCHLIB
Replace Part C66 Cap in C:\Users\Administrator\Desktop\X-Cube-AI\PowerMonitorBoard\STM32.SchDoc with Cap from LWDNMR EVENT CONTROLER.SCHLIB
Replace Part C67 Cap in C:\Users\Administrator\Desktop\X-Cube-AI\PowerMonitorBoard\STM32.SchDoc with Cap from LWDNMR EVENT CONTROLER.SCHLIB
Replace Part C68 Cap in C:\Users\Administrator\Desktop\X-Cube-AI\PowerMonitorBoard\STM32.SchDoc with Cap from LWDNMR EVENT CONTROLER.SCHLIB
Replace Part IC1 STM32F746ZGT7 in C:\Users\Administrator\Desktop\X-Cube-AI\PowerMonitorBoard\STM32.SchDoc with STM32F746ZGT7 from STM32.SchLib
Replace Part P1 MHDR1X4 in C:\Users\Administrator\Desktop\X-Cube-AI\PowerMonitorBoard\STM32.SchDoc with MHDR1X4 from Miscellaneous Connectors.IntLib
Replace Part R31 Res1 in C:\Users\Administrator\Desktop\X-Cube-AI\PowerMonitorBoard\STM32.SchDoc with Res1 from LWDNMR EVENT CONTROLER.SCHLIB
Replace Part R32 Res1 in C:\Users\Administrator\Desktop\X-Cube-AI\PowerMonitorBoard\STM32.SchDoc with Res1 from STM32.SchLib
Replace Part R33 Res1 in C:\Users\Administrator\Desktop\X-Cube-AI\PowerMonitorBoard\STM32.SchDoc with Res1 from STM32.SchLib
Replace Part R34 Res1 in C:\Users\Administrator\Desktop\X-Cube-AI\PowerMonitorBoard\STM32.SchDoc with Res1 from STM32.SchLib
Replace Part S1 SW-PB in C:\Users\Administrator\Desktop\X-Cube-AI\PowerMonitorBoard\STM32.SchDoc with SW-PB from Miscellaneous Devices.IntLib
Replace Part U6 HI-4853PSHF in C:\Users\Administrator\Desktop\X-Cube-AI\PowerMonitorBoard\STM32.SchDoc with HI-4853PSHF from STM32.SchLib
Replace Part U10 CH340C in C:\Users\Administrator\Desktop\X-Cube-AI\PowerMonitorBoard\STM32.SchDoc with CH340C from STM32.SchLib
Replace Part Y1 XTAL in C:\Users\Administrator\Desktop\X-Cube-AI\PowerMonitorBoard\STM32.SchDoc with XTAL from STM32.SchLib
