Change Component Designator: Old Designator=485_A New Designator=2
Change Component Designator: Old Designator=485_B New Designator=1
Change Component Designator: Old Designator=C46 New Designator=C51
Change Component Designator: Old Designator=C47 New Designator=C52
Change Component Designator: Old Designator=C48 New Designator=C53
Change Component Designator: Old Designator=C49 New Designator=C54
Change Component Designator: Old Designator=C50 New Designator=C55
Change Component Designator: Old Designator=C51 New Designator=C56
Change Component Designator: Old Designator=C52 New Designator=C57
Change Component Designator: Old Designator=C53 New Designator=C60
Change Component Designator: Old Designator=C54 New Designator=C59
Change Component Designator: Old Designator=C55 New Designator=C58
Change Component Designator: Old Designator=C56 New Designator=C61
Change Component Designator: Old Designator=C57 New Designator=C62
Change Component Designator: Old Designator=C58 New Designator=C63
Change Component Designator: Old Designator=C59 New Designator=C64
Change Component Designator: Old Designator=C60 New Designator=C65
Change Component Designator: Old Designator=C61 New Designator=C66
Change Component Designator: Old Designator=C62 New Designator=C67
Change Component Designator: Old Designator=C63 New Designator=C68
Change Component Designator: Old Designator=C64 New Designator=C69
Change Component Designator: Old Designator=C65 New Designator=C70
Change Component Designator: Old Designator=C66 New Designator=C71
Change Component Designator: Old Designator=C67 New Designator=C72
Change Component Designator: Old Designator=C68 New Designator=C73
Change Component Designator: Old Designator=R31 New Designator=R41
Change Component Designator: Old Designator=R32 New Designator=R42
Change Component Designator: Old Designator=R33 New Designator=R43
Change Component Designator: Old Designator=R34 New Designator=R44
Change Component Designator: Old Designator=U6 New Designator=U9
Change Component Designator: Old Designator=U10 New Designator=U8
