Change Component Designator: Old Designator=3 New Designator=?
Change Component Designator: Old Designator=4 New Designator=?
Change Component Designator: Old Designator=A_1 New Designator=A_?
Change Component Designator: Old Designator=A_2 New Designator=A_?
Change Component Designator: Old Designator=C74 New Designator=C?
Change Component Designator: Old Designator=C75 New Designator=C?
Change Component Designator: Old Designator=C76 New Designator=C?
Change Component Designator: Old Designator=C77 New Designator=C?
Change Component Designator: Old Designator=C78 New Designator=C?
Change Component Designator: Old Designator=C79 New Designator=C?
Change Component Designator: Old Designator=C80 New Designator=C?
Change Component Designator: Old Designator=C81 New Designator=C?
Change Component Designator: Old Designator=GND1 New Designator=GND?
Change Component Designator: Old Designator=GND2 New Designator=GND?
Change Component Designator: Old Designator=GND3 New Designator=GND?
Change Component Designator: Old Designator=J2 New Designator=J?
Change Component Designator: Old Designator=J2 New Designator=J?
Change Component Designator: Old Designator=L2 New Designator=L?
Change Component Designator: Old Designator=R45 New Designator=R?
Change Component Designator: Old Designator=R46 New Designator=R?
Change Component Designator: Old Designator=R47 New Designator=R?
Change Component Designator: Old Designator=U10 New Designator=U?
Change Component Designator: Old Designator=USB1 New Designator=USB?
